<?xml version="1.0" encoding="UTF-8"?>
<!-- Generated by org.testng.reporters.JUnitReportReporter -->
<testsuite skipped="1" hostname="Aleksandras-MBP.hsd1.ca.comcast.net" name="core.PrimeNumberCheckerTestDR" tests="1" failures="0" timestamp="2020-04-26T16:45:50 PDT" time="0.000" errors="0">
  <testcase name="test" time="0.000" classname="core.PrimeNumberCheckerTestDR">
    <skipped/>
  </testcase> <!-- test -->
  <system-out/>
</testsuite> <!-- core.PrimeNumberCheckerTestDR -->
